<?xml version="1.0" encoding="UTF-8" ?>
<testsuite tests="3" failures="3" name="snap.demo.TeamTest" time="0.529" errors="0" skipped="0">
  <properties>
[...]
</properties>
  <testcase classname="snap.demo.TeamTest" name="snap.demo.TeamTest.testGetOrCreateTeam" time="0.529">
    <failure message="
expected: 4
 but was: 3" type="org.opentest4j.AssertionFailedError">org.opentest4j.AssertionFailedError: 
expected: 4
 but was: 3
	at sun.reflect.NativeConstructorAccessorImpl.newInstance0(Native Method)
	at sun.reflect.NativeConstructorAccessorImpl.newInstance(NativeConstructorAccessorImpl.java:62)
	at sun.reflect.DelegatingConstructorAccessorImpl.newInstance(DelegatingConstructorAccessorImpl.java:45)
	at snap.demo.TeamTest.testGetOrCreateTeam(TeamTest.java:38)
</failure>
  </testcase>
  <testcase classname="snap.demo.TeamTest" name="snap.demo.TeamTest.testGetLeagueResults" time="0">
    <failure type="java.lang.NullPointerException">java.lang.NullPointerException
	at snap.demo.TeamTest.testGetLeagueResults(TeamTest.java:56)
</failure>
  </testcase>
  <testcase classname="snap.demo.TeamTest" name="snap.demo.TeamTest.testAddTeamPoints" time="0">
    <failure type="java.lang.NullPointerException">java.lang.NullPointerException
	at snap.demo.LeagueResults.addTeamPoints(LeagueResults.java:46)
	at snap.demo.TeamTest.testAddTeamPoints(TeamTest.java:44)
</failure>
  </testcase>
</testsuite>