<?xml version="1.0" encoding="UTF-8" ?>
<testsuite tests="3" failures="3" name="snap.demo.TeamTest" time="0.529" errors="0" skipped="0">
  <properties>
    <property name="java.runtime.name" value="Java(TM) SE Runtime Environment"/>
    <property name="sun.boot.library.path" value="C:\myprograms\java\jdk\jdk1.8.0_241\jre\bin"/>
    <property name="java.vm.version" value="25.241-b07"/>
    <property name="java.vm.vendor" value="Oracle Corporation"/>
    <property name="maven.multiModuleProjectDirectory" value="C:\myworkbench\myworkspaces\202002_grads_workspaces\grad2020_java_foundations_01\SnapDemo"/>
    <property name="java.vendor.url" value="http://java.oracle.com/"/>
    <property name="path.separator" value=";"/>
    <property name="guice.disable.misplaced.annotation.check" value="true"/>
    <property name="java.vm.name" value="Java HotSpot(TM) 64-Bit Server VM"/>
    <property name="file.encoding.pkg" value="sun.io"/>
    <property name="user.script" value=""/>
    <property name="user.country" value="ZA"/>
    <property name="sun.java.launcher" value="SUN_STANDARD"/>
    <property name="sun.os.patch.level" value=""/>
    <property name="java.vm.specification.name" value="Java Virtual Machine Specification"/>
    <property name="user.dir" value="C:\myworkbench\myworkspaces\202002_grads_workspaces\grad2020_java_foundations_01\SnapDemo"/>
    <property name="java.runtime.version" value="1.8.0_241-b07"/>
    <property name="java.awt.graphicsenv" value="sun.awt.Win32GraphicsEnvironment"/>
    <property name="java.endorsed.dirs" value="C:\myprograms\java\jdk\jdk1.8.0_241\jre\lib\endorsed"/>
    <property name="os.arch" value="amd64"/>
    <property name="java.io.tmpdir" value="C:\Users\THATO~1.MOE\AppData\Local\Temp\"/>
    <property name="line.separator" value="
"/>
    <property name="java.vm.specification.vendor" value="Oracle Corporation"/>
    <property name="user.variant" value=""/>
    <property name="os.name" value="Windows 10"/>
    <property name="classworlds.conf" value="C:\myprograms\build tools\maven\apache-maven-3.6.3\bin\..\bin\m2.conf"/>
    <property name="sun.jnu.encoding" value="Cp1252"/>
    <property name="java.library.path" value="C:\myprograms\java\jdk\jdk1.8.0_241\bin;C:\WINDOWS\Sun\Java\bin;C:\WINDOWS\system32;C:\WINDOWS;C:\myprograms\java\jdk\jdk1.8.0_241\bin;C:\Program Files (x86)\Common Files\Oracle\Java\javapath;C:\WINDOWS\system32;C:\WINDOWS;C:\WINDOWS\System32\Wbem;C:\WINDOWS\System32\WindowsPowerShell\v1.0\;C:\WINDOWS\System32\OpenSSH\;C:\Program Files\PostgreSQL\12\bin;C:\Program Files\Git\cmd;C:\myprograms\build tools\ant\apache-ant-1.10.7\bin;C:\myprograms\app servers\apache-tomcat-9.0.34\bin;C:\myprograms\build tools\maven\apache-maven-3.6.3\bin;C:\myprograms\app servers\glassfish5\glassfish\bin;C:\myprograms\app servers\Wildfly\wildfly-19.1.0.Final\bin;C:\Program Files\nodejs\;C:\Program Files\Sublime Text 3;C:\Program Files\Docker\Docker\resources\bin;C:\ProgramData\DockerDesktop\version-bin;C:\myprograms\apache kafka\zookeeper\apache-zookeeper-3.6.2\bin;C:\kafka_2.13-2.6.0\bin\windows;C:\Users\thato.moeng\AppData\Local\Microsoft\WindowsApps;C:\Users\thato.moeng\AppData\Roaming\npm;;."/>
    <property name="maven.conf" value="C:\myprograms\build tools\maven\apache-maven-3.6.3\bin\../conf"/>
    <property name="java.specification.name" value="Java Platform API Specification"/>
    <property name="java.class.version" value="52.0"/>
    <property name="sun.management.compiler" value="HotSpot 64-Bit Tiered Compilers"/>
    <property name="os.version" value="10.0"/>
    <property name="library.jansi.path" value="C:\myprograms\build tools\maven\apache-maven-3.6.3\bin\..\lib\jansi-native"/>
    <property name="user.home" value="C:\Users\thato.moeng"/>
    <property name="user.timezone" value="Africa/Harare"/>
    <property name="java.awt.printerjob" value="sun.awt.windows.WPrinterJob"/>
    <property name="java.specification.version" value="1.8"/>
    <property name="file.encoding" value="Cp1252"/>
    <property name="user.name" value="thato.moeng"/>
    <property name="java.class.path" value="C:\myprograms\build tools\maven\apache-maven-3.6.3\bin\..\boot\plexus-classworlds-2.6.0.jar"/>
    <property name="java.vm.specification.version" value="1.8"/>
    <property name="sun.arch.data.model" value="64"/>
    <property name="java.home" value="C:\myprograms\java\jdk\jdk1.8.0_241\jre"/>
    <property name="sun.java.command" value="org.codehaus.plexus.classworlds.launcher.Launcher test"/>
    <property name="java.specification.vendor" value="Oracle Corporation"/>
    <property name="user.language" value="en"/>
    <property name="awt.toolkit" value="sun.awt.windows.WToolkit"/>
    <property name="java.vm.info" value="mixed mode"/>
    <property name="java.version" value="1.8.0_241"/>
    <property name="java.ext.dirs" value="C:\myprograms\java\jdk\jdk1.8.0_241\jre\lib\ext;C:\WINDOWS\Sun\Java\lib\ext"/>
    <property name="sun.boot.class.path" value="C:\myprograms\java\jdk\jdk1.8.0_241\jre\lib\resources.jar;C:\myprograms\java\jdk\jdk1.8.0_241\jre\lib\rt.jar;C:\myprograms\java\jdk\jdk1.8.0_241\jre\lib\sunrsasign.jar;C:\myprograms\java\jdk\jdk1.8.0_241\jre\lib\jsse.jar;C:\myprograms\java\jdk\jdk1.8.0_241\jre\lib\jce.jar;C:\myprograms\java\jdk\jdk1.8.0_241\jre\lib\charsets.jar;C:\myprograms\java\jdk\jdk1.8.0_241\jre\lib\jfr.jar;C:\myprograms\java\jdk\jdk1.8.0_241\jre\classes"/>
    <property name="sun.stderr.encoding" value="cp437"/>
    <property name="java.vendor" value="Oracle Corporation"/>
    <property name="maven.home" value="C:\myprograms\build tools\maven\apache-maven-3.6.3\bin\.."/>
    <property name="file.separator" value="\"/>
    <property name="java.vendor.url.bug" value="http://bugreport.sun.com/bugreport/"/>
    <property name="sun.cpu.endian" value="little"/>
    <property name="sun.io.unicode.encoding" value="UnicodeLittle"/>
    <property name="sun.stdout.encoding" value="cp437"/>
    <property name="sun.desktop" value="windows"/>
    <property name="sun.cpu.isalist" value="amd64"/>
  </properties>
  <testcase classname="snap.demo.TeamTest" name="snap.demo.TeamTest.testGetOrCreateTeam" time="0.529">
    <failure message="
expected: 4
 but was: 3" type="org.opentest4j.AssertionFailedError">org.opentest4j.AssertionFailedError: 
expected: 4
 but was: 3
	at sun.reflect.NativeConstructorAccessorImpl.newInstance0(Native Method)
	at sun.reflect.NativeConstructorAccessorImpl.newInstance(NativeConstructorAccessorImpl.java:62)
	at sun.reflect.DelegatingConstructorAccessorImpl.newInstance(DelegatingConstructorAccessorImpl.java:45)
	at snap.demo.TeamTest.testGetOrCreateTeam(TeamTest.java:38)
</failure>
  </testcase>
  <testcase classname="snap.demo.TeamTest" name="snap.demo.TeamTest.testGetLeagueResults" time="0">
    <failure type="java.lang.NullPointerException">java.lang.NullPointerException
	at snap.demo.TeamTest.testGetLeagueResults(TeamTest.java:56)
</failure>
  </testcase>
  <testcase classname="snap.demo.TeamTest" name="snap.demo.TeamTest.testAddTeamPoints" time="0">
    <failure type="java.lang.NullPointerException">java.lang.NullPointerException
	at snap.demo.LeagueResults.addTeamPoints(LeagueResults.java:46)
	at snap.demo.TeamTest.testAddTeamPoints(TeamTest.java:44)
</failure>
  </testcase>
</testsuite>